Wells (G - ground energy, D - dissociation limit, kcal/mol):
              W         G         D
       CH3CH2OO     -32.8      -2.4
      CH2CH2OOH     -15.7     -2.06

Bimolecular Products (G - ground energy, kcal/mol):
                 P         G
           C2H5+O2         0
          HO2+C2H4     -13.4
      OH+c-CH2CH2O     -42.4

Well-to-Bimolecular Barriers (H/G - barrier height/well depth, kcal/mol)
                           B         H         W         G            P
            CH3CH2OO=C2H5+O2         0  CH3CH2OO     -32.8      C2H5+O2
           CH3CH2OO=HO2+C2H4      -2.4  CH3CH2OO     -32.8     HO2+C2H4
          CH2CH2OOH=HO2+C2H4     -0.13 CH2CH2OOH     -15.7     HO2+C2H4
      CH2CH2OOH=OH+c-CH2CH2O     -2.06 CH2CH2OOH     -15.7 OH+c-CH2CH2O

Well-to-Well Barriers (H/G - barrier height/well depth, kcal/mol):
                       B         H        W1        G1        W2        G2
      CH3CH2OO=CH2CH2OOH       4.1  CH3CH2OO     -32.8 CH2CH2OOH     -15.7

Bound Groups: dissociation barrier (name/ground energy, kcal/mol): wells (name/ground energy, kcal/mol):
     CH3CH2OO=HO2+C2H4/-2.4:  CH3CH2OO/-32.8

     CH2CH2OOH=OH+c-CH2CH2O/-2.06:  CH2CH2OOH/-15.7

________________________________________________________________________________________

Unimolecular Rate Units: 1/sec;  Bimolecular Rate Units: cm^3/sec

______________________________________________________________________________________

Species-Species Rate Tables:

Temperature = 550 K

High Pressure Rate Coefficients:

From\To       CH3CH2OO CH2CH2OOH   C2H5+O2  HO2+C2H4 OH+c-CH2CH2O
CH3CH2OO           ***     0.027      76.2      1.98          ***
CH2CH2OOH      2.4e+04       ***       ***  2.44e+06      7.9e+06
C2H5+O2       6.01e-12       ***       ***       ***          ***
HO2+C2H4      1.24e-18  1.73e-18       ***       ***          ***
OH+c-CH2CH2O       ***  1.64e-28       ***       ***          ***

Temperature = 550 K    Pressure = 0.01 bar

From\To       CH3CH2OO CH2CH2OOH   C2H5+O2  HO2+C2H4 OH+c-CH2CH2O
CH3CH2OO          5.42   0.00363      4.82      0.59      0.00379
CH2CH2OOH     3.34e+03  2.01e+05       269   5.1e+03     1.92e+05
C2H5+O2        3.8e-13  2.27e-17  4.87e-13  1.06e-13      1.1e-15
HO2+C2H4      3.71e-19  3.44e-21  8.49e-19  2.42e-18      1.2e-18
OH+c-CH2CH2O  7.08e-32  3.78e-30  2.55e-31   3.5e-29     3.91e-29

Temperature = 550 K    Pressure = 0.1 bar

From\To       CH3CH2OO CH2CH2OOH   C2H5+O2  HO2+C2H4 OH+c-CH2CH2O
CH3CH2OO          18.8   0.00617      17.8      0.99      0.00487
CH2CH2OOH     5.54e+03  9.69e+05       561  6.37e+04     8.99e+05
C2H5+O2       1.41e-12  4.88e-17  1.48e-12  7.63e-14     8.07e-16
HO2+C2H4      6.23e-19  4.42e-20  6.09e-19  2.44e-18     1.17e-18
OH+c-CH2CH2O  9.05e-32  1.82e-29  1.88e-31   3.4e-29     5.26e-29

Temperature = 550 K    Pressure = 1 bar

From\To       CH3CH2OO CH2CH2OOH   C2H5+O2  HO2+C2H4 OH+c-CH2CH2O
CH3CH2OO          43.8    0.0113      42.3      1.48      0.00511
CH2CH2OOH        1e+04  3.29e+06  1.01e+03  4.25e+05     2.86e+06
C2H5+O2       3.34e-12  8.93e-17  3.38e-12  3.88e-14     4.11e-16
HO2+C2H4      9.29e-19     3e-19   3.1e-19   2.5e-18     9.66e-19
OH+c-CH2CH2O  9.46e-32  5.89e-29   9.6e-32  2.82e-29     8.73e-29

Temperature = 550 K    Pressure = 10 bar

From\To       CH3CH2OO CH2CH2OOH   C2H5+O2  HO2+C2H4 OH+c-CH2CH2O
CH3CH2OO          66.9    0.0191      65.1      1.82      0.00319
CH2CH2OOH     1.69e+04  7.04e+06  1.03e+03  1.34e+06     5.68e+06
C2H5+O2       5.13e-12  9.19e-17  5.14e-12  1.16e-14     1.02e-16
HO2+C2H4      1.15e-18  9.53e-19   9.3e-20  2.69e-18     4.97e-19
OH+c-CH2CH2O  5.88e-32  1.18e-28  2.37e-32  1.45e-29     1.32e-28

Temperature = 600 K

High Pressure Rate Coefficients:

From\To       CH3CH2OO CH2CH2OOH   C2H5+O2  HO2+C2H4 OH+c-CH2CH2O
CH3CH2OO           ***     0.294       928      19.6          ***
CH2CH2OOH     6.42e+04       ***       ***  8.59e+06     2.25e+07
C2H5+O2       5.93e-12       ***       ***       ***          ***
HO2+C2H4      2.82e-18  5.65e-18       ***       ***          ***
OH+c-CH2CH2O       ***  3.88e-27       ***       ***          ***

Temperature = 600 K    Pressure = 0.01 bar

From\To       CH3CH2OO CH2CH2OOH   C2H5+O2  HO2+C2H4 OH+c-CH2CH2O
CH3CH2OO          43.1    0.0194        39      4.04       0.0269
CH2CH2OOH     4.53e+03  3.62e+05       579  1.06e+04     3.46e+05
C2H5+O2       2.49e-13  1.53e-17  3.48e-13  9.74e-14     1.08e-15
HO2+C2H4       5.8e-19  6.31e-21  2.19e-18  6.51e-18     3.73e-18
OH+c-CH2CH2O  1.04e-30   5.4e-29  6.36e-30  9.79e-28     1.04e-27

Temperature = 600 K    Pressure = 0.1 bar

From\To       CH3CH2OO CH2CH2OOH   C2H5+O2  HO2+C2H4 OH+c-CH2CH2O
CH3CH2OO           167    0.0373       159      7.52       0.0406
CH2CH2OOH     8.36e+03   1.9e+06  1.33e+03  1.41e+05     1.75e+06
C2H5+O2       1.02e-12  3.71e-17  1.09e-12  7.61e-14     8.68e-16
HO2+C2H4      1.08e-18  8.84e-20  1.71e-18  6.55e-18     3.66e-18
OH+c-CH2CH2O  1.56e-30  2.88e-28  5.13e-30  9.62e-28     1.26e-27

Temperature = 600 K    Pressure = 1 bar

From\To       CH3CH2OO CH2CH2OOH   C2H5+O2  HO2+C2H4 OH+c-CH2CH2O
CH3CH2OO           440    0.0808       427      12.6       0.0532
CH2CH2OOH     1.77e+04  7.29e+06  2.85e+03  1.05e+06     6.21e+06
C2H5+O2       2.73e-12   8.2e-17  2.77e-12  4.44e-14      5.2e-16
HO2+C2H4      1.81e-18  6.83e-19     1e-18   6.7e-18     3.21e-18
OH+c-CH2CH2O  2.03e-30  1.06e-27  3.08e-30  8.43e-28     1.91e-27

Temperature = 600 K    Pressure = 10 bar

From\To       CH3CH2OO CH2CH2OOH   C2H5+O2  HO2+C2H4 OH+c-CH2CH2O
CH3CH2OO           751     0.166       734      17.1       0.0437
CH2CH2OOH     3.62e+04   1.8e+07  3.78e+03   3.9e+06     1.41e+07
C2H5+O2       4.69e-12   1.1e-16   4.7e-12  1.59e-14     1.66e-16
HO2+C2H4      2.46e-18  2.56e-18  3.59e-19  7.27e-18      1.9e-18
OH+c-CH2CH2O  1.66e-30  2.43e-27  9.79e-31  4.99e-28     2.93e-27

Temperature = 650 K

High Pressure Rate Coefficients:

From\To       CH3CH2OO CH2CH2OOH   C2H5+O2  HO2+C2H4 OH+c-CH2CH2O
CH3CH2OO           ***      2.37  7.68e+03       139          ***
CH2CH2OOH     1.57e+05       ***       ***  2.51e+07     5.48e+07
C2H5+O2       5.89e-12       ***       ***       ***          ***
HO2+C2H4      5.78e-18  1.57e-17       ***       ***          ***
OH+c-CH2CH2O       ***  5.74e-26       ***       ***          ***

Temperature = 650 K    Pressure = 0.01 bar

From\To       CH3CH2OO CH2CH2OOH   C2H5+O2  HO2+C2H4 OH+c-CH2CH2O
CH3CH2OO           233    0.0772       214      19.3        0.131
CH2CH2OOH     5.69e+03  5.84e+05   1.1e+03  1.95e+04     5.58e+05
C2H5+O2       1.64e-13  1.07e-17  2.55e-13  9.05e-14     1.08e-15
HO2+C2H4      7.99e-19  1.03e-20   4.9e-18  1.56e-17     9.89e-18
OH+c-CH2CH2O   9.4e-30  4.91e-28  9.77e-29  1.66e-26     1.72e-26

Temperature = 650 K    Pressure = 0.1 bar

From\To       CH3CH2OO CH2CH2OOH   C2H5+O2  HO2+C2H4 OH+c-CH2CH2O
CH3CH2OO           995     0.166       955      39.6        0.227
CH2CH2OOH     1.15e+04  3.27e+06   2.7e+03   2.7e+05     2.99e+06
C2H5+O2       7.32e-13  2.85e-17  8.08e-13  7.55e-14     9.29e-16
HO2+C2H4      1.64e-18  1.54e-19  4.09e-18  1.57e-17     9.79e-18
OH+c-CH2CH2O  1.63e-29  2.85e-27  8.41e-29  1.64e-26     1.93e-26

Temperature = 650 K    Pressure = 1 bar

From\To       CH3CH2OO CH2CH2OOH   C2H5+O2  HO2+C2H4 OH+c-CH2CH2O
CH3CH2OO      2.94e+03     0.418  2.87e+03      74.2        0.363
CH2CH2OOH      2.8e+04  1.38e+07  6.63e+03  2.19e+06     1.16e+07
C2H5+O2        2.2e-12  7.41e-17  2.25e-12  4.95e-14     6.31e-16
HO2+C2H4      3.08e-18  1.33e-18  2.68e-18   1.6e-17     8.91e-18
OH+c-CH2CH2O  2.57e-29  1.17e-26  5.72e-29  1.49e-26     2.67e-26

Temperature = 650 K    Pressure = 10 bar

From\To       CH3CH2OO CH2CH2OOH   C2H5+O2  HO2+C2H4 OH+c-CH2CH2O
CH3CH2OO      5.63e+03      1.03  5.51e+03       112        0.382
CH2CH2OOH     6.84e+04  3.88e+07  1.09e+04  9.26e+06     2.95e+07
C2H5+O2       4.23e-12  1.26e-16  4.25e-12  2.09e-14     2.49e-16
HO2+C2H4      4.65e-18  5.75e-18  1.13e-18  1.74e-17     5.89e-18
OH+c-CH2CH2O  2.68e-29  3.06e-26  2.25e-29  9.86e-27     4.06e-26

______________________________________________________________________________________

High Pressure Rate Coefficients (Temperature-Species Rate Tables):

Reactant = CH3CH2OO
   T(K)  CH3CH2OO CH2CH2OOH   C2H5+O2  HO2+C2H4 OH+c-CH2CH2O
    550       ***     0.027      76.2      1.98          ***
    600       ***     0.294       928      19.6          ***
    650       ***      2.37  7.68e+03       139          ***

Reactant = CH2CH2OOH
   T(K)  CH3CH2OO CH2CH2OOH   C2H5+O2  HO2+C2H4 OH+c-CH2CH2O
    550   2.4e+04       ***       ***  2.44e+06      7.9e+06
    600  6.42e+04       ***       ***  8.59e+06     2.25e+07
    650  1.57e+05       ***       ***  2.51e+07     5.48e+07

Reactant = C2H5+O2
   T(K)  CH3CH2OO CH2CH2OOH   C2H5+O2  HO2+C2H4 OH+c-CH2CH2O
    550  6.01e-12       ***       ***       ***          ***
    600  5.93e-12       ***       ***       ***          ***
    650  5.89e-12       ***       ***       ***          ***

Reactant = HO2+C2H4
   T(K)  CH3CH2OO CH2CH2OOH   C2H5+O2  HO2+C2H4 OH+c-CH2CH2O
    550  1.24e-18  1.73e-18       ***       ***          ***
    600  2.82e-18  5.65e-18       ***       ***          ***
    650  5.78e-18  1.57e-17       ***       ***          ***

Reactant = OH+c-CH2CH2O
   T(K)  CH3CH2OO CH2CH2OOH   C2H5+O2  HO2+C2H4 OH+c-CH2CH2O
    550       ***  1.64e-28       ***       ***          ***
    600       ***  3.88e-27       ***       ***          ***
    650       ***  5.74e-26       ***       ***          ***

Capture/Escape Rate Coefficients:

   T(K)  CH3CH2OO CH2CH2OOH   C2H5+O2  HO2+C2H4 OH+c-CH2CH2O
    550      78.2  1.04e+07  6.01e-12  2.98e-18     1.64e-28
    600       948  3.11e+07  5.93e-12  8.47e-18     3.88e-27
    650  7.82e+03  8.01e+07  5.89e-12  2.15e-17     5.74e-26

______________________________________________________________________________________

Pressure-Species Rate Tables:

Reactant = CH3CH2OO   Temperature = 550 K

   P(bar) CH2CH2OOH   C2H5+O2  HO2+C2H4 OH+c-CH2CH2O      Loss
     0.01   0.00363      4.82      0.59      0.00379      5.42
      0.1   0.00617      17.8      0.99      0.00487      18.8
        1    0.0113      42.3      1.48      0.00511      43.8
       10    0.0191      65.1      1.82      0.00319      66.9
      O-O     0.027      76.2      1.98          ***      78.2

Reactant = CH3CH2OO   Temperature = 600 K

   P(bar) CH2CH2OOH   C2H5+O2  HO2+C2H4 OH+c-CH2CH2O      Loss
     0.01    0.0194        39      4.04       0.0269      43.1
      0.1    0.0373       159      7.52       0.0406       167
        1    0.0808       427      12.6       0.0532       440
       10     0.166       734      17.1       0.0437       751
      O-O     0.294       928      19.6          ***       948

Reactant = CH3CH2OO   Temperature = 650 K

   P(bar) CH2CH2OOH   C2H5+O2  HO2+C2H4 OH+c-CH2CH2O      Loss
     0.01    0.0772       214      19.3        0.131       233
      0.1     0.166       955      39.6        0.227       995
        1     0.418  2.87e+03      74.2        0.363  2.94e+03
       10      1.03  5.51e+03       112        0.382  5.63e+03
      O-O      2.37  7.68e+03       139          ***  7.82e+03

Reactant = CH2CH2OOH   Temperature = 550 K

   P(bar)  CH3CH2OO   C2H5+O2  HO2+C2H4 OH+c-CH2CH2O      Loss
     0.01  3.34e+03       269   5.1e+03     1.92e+05  2.01e+05
      0.1  5.54e+03       561  6.37e+04     8.99e+05  9.69e+05
        1     1e+04  1.01e+03  4.25e+05     2.86e+06  3.29e+06
       10  1.69e+04  1.03e+03  1.34e+06     5.68e+06  7.04e+06
      O-O   2.4e+04       ***  2.44e+06      7.9e+06  1.04e+07

Reactant = CH2CH2OOH   Temperature = 600 K

   P(bar)  CH3CH2OO   C2H5+O2  HO2+C2H4 OH+c-CH2CH2O      Loss
     0.01  4.53e+03       579  1.06e+04     3.46e+05  3.62e+05
      0.1  8.36e+03  1.33e+03  1.41e+05     1.75e+06   1.9e+06
        1  1.77e+04  2.85e+03  1.05e+06     6.21e+06  7.29e+06
       10  3.62e+04  3.78e+03   3.9e+06     1.41e+07   1.8e+07
      O-O  6.42e+04       ***  8.59e+06     2.25e+07  3.11e+07

Reactant = CH2CH2OOH   Temperature = 650 K

   P(bar)  CH3CH2OO   C2H5+O2  HO2+C2H4 OH+c-CH2CH2O      Loss
     0.01  5.69e+03   1.1e+03  1.95e+04     5.58e+05  5.84e+05
      0.1  1.15e+04   2.7e+03   2.7e+05     2.99e+06  3.27e+06
        1   2.8e+04  6.63e+03  2.19e+06     1.16e+07  1.38e+07
       10  6.84e+04  1.09e+04  9.26e+06     2.95e+07  3.88e+07
      O-O  1.57e+05       ***  2.51e+07     5.48e+07  8.01e+07

Reactant = C2H5+O2   Temperature = 550 K

   P(bar)  CH3CH2OO CH2CH2OOH  HO2+C2H4 OH+c-CH2CH2O      Loss
     0.01   3.8e-13  2.27e-17  1.06e-13      1.1e-15  4.87e-13
      0.1  1.41e-12  4.88e-17  7.63e-14     8.07e-16  1.48e-12
        1  3.34e-12  8.93e-17  3.88e-14     4.11e-16  3.38e-12
       10  5.13e-12  9.19e-17  1.16e-14     1.02e-16  5.14e-12
      O-O  6.01e-12       ***       ***          ***  6.01e-12

Reactant = C2H5+O2   Temperature = 600 K

   P(bar)  CH3CH2OO CH2CH2OOH  HO2+C2H4 OH+c-CH2CH2O      Loss
     0.01  2.49e-13  1.53e-17  9.74e-14     1.08e-15  3.48e-13
      0.1  1.02e-12  3.71e-17  7.61e-14     8.68e-16  1.09e-12
        1  2.73e-12   8.2e-17  4.44e-14      5.2e-16  2.77e-12
       10  4.69e-12   1.1e-16  1.59e-14     1.66e-16   4.7e-12
      O-O  5.93e-12       ***       ***          ***  5.93e-12

Reactant = C2H5+O2   Temperature = 650 K

   P(bar)  CH3CH2OO CH2CH2OOH  HO2+C2H4 OH+c-CH2CH2O      Loss
     0.01  1.64e-13  1.07e-17  9.05e-14     1.08e-15  2.55e-13
      0.1  7.32e-13  2.85e-17  7.55e-14     9.29e-16  8.08e-13
        1   2.2e-12  7.41e-17  4.95e-14     6.31e-16  2.25e-12
       10  4.23e-12  1.26e-16  2.09e-14     2.49e-16  4.25e-12
      O-O  5.89e-12       ***       ***          ***  5.89e-12

Reactant = HO2+C2H4   Temperature = 550 K

   P(bar)  CH3CH2OO CH2CH2OOH   C2H5+O2 OH+c-CH2CH2O      Loss
     0.01  3.71e-19  3.44e-21  8.49e-19      1.2e-18  2.42e-18
      0.1  6.23e-19  4.42e-20  6.09e-19     1.17e-18  2.44e-18
        1  9.29e-19     3e-19   3.1e-19     9.66e-19   2.5e-18
       10  1.15e-18  9.53e-19   9.3e-20     4.97e-19  2.69e-18
      O-O  1.24e-18  1.73e-18       ***          ***  2.98e-18

Reactant = HO2+C2H4   Temperature = 600 K

   P(bar)  CH3CH2OO CH2CH2OOH   C2H5+O2 OH+c-CH2CH2O      Loss
     0.01   5.8e-19  6.31e-21  2.19e-18     3.73e-18  6.51e-18
      0.1  1.08e-18  8.84e-20  1.71e-18     3.66e-18  6.55e-18
        1  1.81e-18  6.83e-19     1e-18     3.21e-18   6.7e-18
       10  2.46e-18  2.56e-18  3.59e-19      1.9e-18  7.27e-18
      O-O  2.82e-18  5.65e-18       ***          ***  8.47e-18

Reactant = HO2+C2H4   Temperature = 650 K

   P(bar)  CH3CH2OO CH2CH2OOH   C2H5+O2 OH+c-CH2CH2O      Loss
     0.01  7.99e-19  1.03e-20   4.9e-18     9.89e-18  1.56e-17
      0.1  1.64e-18  1.54e-19  4.09e-18     9.79e-18  1.57e-17
        1  3.08e-18  1.33e-18  2.68e-18     8.91e-18   1.6e-17
       10  4.65e-18  5.75e-18  1.13e-18     5.89e-18  1.74e-17
      O-O  5.78e-18  1.57e-17       ***          ***  2.15e-17

Reactant = OH+c-CH2CH2O   Temperature = 550 K

   P(bar)  CH3CH2OO CH2CH2OOH   C2H5+O2  HO2+C2H4      Loss
     0.01  7.08e-32  3.78e-30  2.55e-31   3.5e-29  3.91e-29
      0.1  9.05e-32  1.82e-29  1.88e-31   3.4e-29  5.26e-29
        1  9.46e-32  5.89e-29   9.6e-32  2.82e-29  8.73e-29
       10  5.88e-32  1.18e-28  2.37e-32  1.45e-29  1.32e-28
      O-O       ***  1.64e-28       ***       ***  1.64e-28

Reactant = OH+c-CH2CH2O   Temperature = 600 K

   P(bar)  CH3CH2OO CH2CH2OOH   C2H5+O2  HO2+C2H4      Loss
     0.01  1.04e-30   5.4e-29  6.36e-30  9.79e-28  1.04e-27
      0.1  1.56e-30  2.88e-28  5.13e-30  9.62e-28  1.26e-27
        1  2.03e-30  1.06e-27  3.08e-30  8.43e-28  1.91e-27
       10  1.66e-30  2.43e-27  9.79e-31  4.99e-28  2.93e-27
      O-O       ***  3.88e-27       ***       ***  3.88e-27

Reactant = OH+c-CH2CH2O   Temperature = 650 K

   P(bar)  CH3CH2OO CH2CH2OOH   C2H5+O2  HO2+C2H4      Loss
     0.01   9.4e-30  4.91e-28  9.77e-29  1.66e-26  1.72e-26
      0.1  1.63e-29  2.85e-27  8.41e-29  1.64e-26  1.93e-26
        1  2.57e-29  1.17e-26  5.72e-29  1.49e-26  2.67e-26
       10  2.68e-29  3.06e-26  2.25e-29  9.86e-27  4.06e-26
      O-O       ***  5.74e-26       ***       ***  5.74e-26

______________________________________________________________________________________

Temperature-Species Rate Tables:

Reactant = CH3CH2OO   Pressure = 0.01 bar

   T(K) CH2CH2OOH   C2H5+O2  HO2+C2H4 OH+c-CH2CH2O      Loss   Capture
    550   0.00363      4.82      0.59      0.00379      5.42      78.2
    600    0.0194        39      4.04       0.0269      43.1       948
    650    0.0772       214      19.3        0.131       233  7.82e+03

Reactant = CH3CH2OO   Pressure = 0.1 bar

   T(K) CH2CH2OOH   C2H5+O2  HO2+C2H4 OH+c-CH2CH2O      Loss   Capture
    550   0.00617      17.8      0.99      0.00487      18.8      78.2
    600    0.0373       159      7.52       0.0406       167       948
    650     0.166       955      39.6        0.227       995  7.82e+03

Reactant = CH3CH2OO   Pressure = 1 bar

   T(K) CH2CH2OOH   C2H5+O2  HO2+C2H4 OH+c-CH2CH2O      Loss   Capture
    550    0.0113      42.3      1.48      0.00511      43.8      78.2
    600    0.0808       427      12.6       0.0532       440       948
    650     0.418  2.87e+03      74.2        0.363  2.94e+03  7.82e+03

Reactant = CH3CH2OO   Pressure = 10 bar

   T(K) CH2CH2OOH   C2H5+O2  HO2+C2H4 OH+c-CH2CH2O      Loss   Capture
    550    0.0191      65.1      1.82      0.00319      66.9      78.2
    600     0.166       734      17.1       0.0437       751       948
    650      1.03  5.51e+03       112        0.382  5.63e+03  7.82e+03

Reactant = CH2CH2OOH   Pressure = 0.01 bar

   T(K)  CH3CH2OO   C2H5+O2  HO2+C2H4 OH+c-CH2CH2O      Loss   Capture
    550  3.34e+03       269   5.1e+03     1.92e+05  2.01e+05  1.04e+07
    600  4.53e+03       579  1.06e+04     3.46e+05  3.62e+05  3.11e+07
    650  5.69e+03   1.1e+03  1.95e+04     5.58e+05  5.84e+05  8.01e+07

Reactant = CH2CH2OOH   Pressure = 0.1 bar

   T(K)  CH3CH2OO   C2H5+O2  HO2+C2H4 OH+c-CH2CH2O      Loss   Capture
    550  5.54e+03       561  6.37e+04     8.99e+05  9.69e+05  1.04e+07
    600  8.36e+03  1.33e+03  1.41e+05     1.75e+06   1.9e+06  3.11e+07
    650  1.15e+04   2.7e+03   2.7e+05     2.99e+06  3.27e+06  8.01e+07

Reactant = CH2CH2OOH   Pressure = 1 bar

   T(K)  CH3CH2OO   C2H5+O2  HO2+C2H4 OH+c-CH2CH2O      Loss   Capture
    550     1e+04  1.01e+03  4.25e+05     2.86e+06  3.29e+06  1.04e+07
    600  1.77e+04  2.85e+03  1.05e+06     6.21e+06  7.29e+06  3.11e+07
    650   2.8e+04  6.63e+03  2.19e+06     1.16e+07  1.38e+07  8.01e+07

Reactant = CH2CH2OOH   Pressure = 10 bar

   T(K)  CH3CH2OO   C2H5+O2  HO2+C2H4 OH+c-CH2CH2O      Loss   Capture
    550  1.69e+04  1.03e+03  1.34e+06     5.68e+06  7.04e+06  1.04e+07
    600  3.62e+04  3.78e+03   3.9e+06     1.41e+07   1.8e+07  3.11e+07
    650  6.84e+04  1.09e+04  9.26e+06     2.95e+07  3.88e+07  8.01e+07

Reactant = C2H5+O2   Pressure = 0.01 bar

   T(K)  CH3CH2OO CH2CH2OOH  HO2+C2H4 OH+c-CH2CH2O      Loss   Capture
    550   3.8e-13  2.27e-17  1.06e-13      1.1e-15  4.87e-13  6.01e-12
    600  2.49e-13  1.53e-17  9.74e-14     1.08e-15  3.48e-13  5.93e-12
    650  1.64e-13  1.07e-17  9.05e-14     1.08e-15  2.55e-13  5.89e-12

Reactant = C2H5+O2   Pressure = 0.1 bar

   T(K)  CH3CH2OO CH2CH2OOH  HO2+C2H4 OH+c-CH2CH2O      Loss   Capture
    550  1.41e-12  4.88e-17  7.63e-14     8.07e-16  1.48e-12  6.01e-12
    600  1.02e-12  3.71e-17  7.61e-14     8.68e-16  1.09e-12  5.93e-12
    650  7.32e-13  2.85e-17  7.55e-14     9.29e-16  8.08e-13  5.89e-12

Reactant = C2H5+O2   Pressure = 1 bar

   T(K)  CH3CH2OO CH2CH2OOH  HO2+C2H4 OH+c-CH2CH2O      Loss   Capture
    550  3.34e-12  8.93e-17  3.88e-14     4.11e-16  3.38e-12  6.01e-12
    600  2.73e-12   8.2e-17  4.44e-14      5.2e-16  2.77e-12  5.93e-12
    650   2.2e-12  7.41e-17  4.95e-14     6.31e-16  2.25e-12  5.89e-12

Reactant = C2H5+O2   Pressure = 10 bar

   T(K)  CH3CH2OO CH2CH2OOH  HO2+C2H4 OH+c-CH2CH2O      Loss   Capture
    550  5.13e-12  9.19e-17  1.16e-14     1.02e-16  5.14e-12  6.01e-12
    600  4.69e-12   1.1e-16  1.59e-14     1.66e-16   4.7e-12  5.93e-12
    650  4.23e-12  1.26e-16  2.09e-14     2.49e-16  4.25e-12  5.89e-12

Reactant = HO2+C2H4   Pressure = 0.01 bar

   T(K)  CH3CH2OO CH2CH2OOH   C2H5+O2 OH+c-CH2CH2O      Loss   Capture
    550  3.71e-19  3.44e-21  8.49e-19      1.2e-18  2.42e-18  2.98e-18
    600   5.8e-19  6.31e-21  2.19e-18     3.73e-18  6.51e-18  8.47e-18
    650  7.99e-19  1.03e-20   4.9e-18     9.89e-18  1.56e-17  2.15e-17

Reactant = HO2+C2H4   Pressure = 0.1 bar

   T(K)  CH3CH2OO CH2CH2OOH   C2H5+O2 OH+c-CH2CH2O      Loss   Capture
    550  6.23e-19  4.42e-20  6.09e-19     1.17e-18  2.44e-18  2.98e-18
    600  1.08e-18  8.84e-20  1.71e-18     3.66e-18  6.55e-18  8.47e-18
    650  1.64e-18  1.54e-19  4.09e-18     9.79e-18  1.57e-17  2.15e-17

Reactant = HO2+C2H4   Pressure = 1 bar

   T(K)  CH3CH2OO CH2CH2OOH   C2H5+O2 OH+c-CH2CH2O      Loss   Capture
    550  9.29e-19     3e-19   3.1e-19     9.66e-19   2.5e-18  2.98e-18
    600  1.81e-18  6.83e-19     1e-18     3.21e-18   6.7e-18  8.47e-18
    650  3.08e-18  1.33e-18  2.68e-18     8.91e-18   1.6e-17  2.15e-17

Reactant = HO2+C2H4   Pressure = 10 bar

   T(K)  CH3CH2OO CH2CH2OOH   C2H5+O2 OH+c-CH2CH2O      Loss   Capture
    550  1.15e-18  9.53e-19   9.3e-20     4.97e-19  2.69e-18  2.98e-18
    600  2.46e-18  2.56e-18  3.59e-19      1.9e-18  7.27e-18  8.47e-18
    650  4.65e-18  5.75e-18  1.13e-18     5.89e-18  1.74e-17  2.15e-17

Reactant = OH+c-CH2CH2O   Pressure = 0.01 bar

   T(K)  CH3CH2OO CH2CH2OOH   C2H5+O2  HO2+C2H4      Loss   Capture
    550  7.08e-32  3.78e-30  2.55e-31   3.5e-29  3.91e-29  1.64e-28
    600  1.04e-30   5.4e-29  6.36e-30  9.79e-28  1.04e-27  3.88e-27
    650   9.4e-30  4.91e-28  9.77e-29  1.66e-26  1.72e-26  5.74e-26

Reactant = OH+c-CH2CH2O   Pressure = 0.1 bar

   T(K)  CH3CH2OO CH2CH2OOH   C2H5+O2  HO2+C2H4      Loss   Capture
    550  9.05e-32  1.82e-29  1.88e-31   3.4e-29  5.26e-29  1.64e-28
    600  1.56e-30  2.88e-28  5.13e-30  9.62e-28  1.26e-27  3.88e-27
    650  1.63e-29  2.85e-27  8.41e-29  1.64e-26  1.93e-26  5.74e-26

Reactant = OH+c-CH2CH2O   Pressure = 1 bar

   T(K)  CH3CH2OO CH2CH2OOH   C2H5+O2  HO2+C2H4      Loss   Capture
    550  9.46e-32  5.89e-29   9.6e-32  2.82e-29  8.73e-29  1.64e-28
    600  2.03e-30  1.06e-27  3.08e-30  8.43e-28  1.91e-27  3.88e-27
    650  2.57e-29  1.17e-26  5.72e-29  1.49e-26  2.67e-26  5.74e-26

Reactant = OH+c-CH2CH2O   Pressure = 10 bar

   T(K)  CH3CH2OO CH2CH2OOH   C2H5+O2  HO2+C2H4      Loss   Capture
    550  5.88e-32  1.18e-28  2.37e-32  1.45e-29  1.32e-28  1.64e-28
    600  1.66e-30  2.43e-27  9.79e-31  4.99e-28  2.93e-27  3.88e-27
    650  2.68e-29  3.06e-26  2.25e-29  9.86e-27  4.06e-26  5.74e-26

______________________________________________________________________________________

Temperature-Pressure Rate Tables:

CH3CH2OO->CH2CH2OOH

P\T           550       600       650
0.01      0.00363    0.0194    0.0772
0.1       0.00617    0.0373     0.166
1          0.0113    0.0808     0.418
10         0.0191     0.166      1.03
O-O         0.027     0.294      2.37

CH3CH2OO->C2H5+O2

P\T           550       600       650
0.01         4.82        39       214
0.1          17.8       159       955
1            42.3       427  2.87e+03
10           65.1       734  5.51e+03
O-O          76.2       928  7.68e+03

CH3CH2OO->HO2+C2H4

P\T           550       600       650
0.01         0.59      4.04      19.3
0.1          0.99      7.52      39.6
1            1.48      12.6      74.2
10           1.82      17.1       112
O-O          1.98      19.6       139

CH3CH2OO->OH+c-CH2CH2O

P\T           550       600       650
0.01      0.00379    0.0269     0.131
0.1       0.00487    0.0406     0.227
1         0.00511    0.0532     0.363
10        0.00319    0.0437     0.382
O-O           ***       ***       ***

CH2CH2OOH->CH3CH2OO

P\T           550       600       650
0.01     3.34e+03  4.53e+03  5.69e+03
0.1      5.54e+03  8.36e+03  1.15e+04
1           1e+04  1.77e+04   2.8e+04
10       1.69e+04  3.62e+04  6.84e+04
O-O       2.4e+04  6.42e+04  1.57e+05

CH2CH2OOH->C2H5+O2

P\T           550       600       650
0.01          269       579   1.1e+03
0.1           561  1.33e+03   2.7e+03
1        1.01e+03  2.85e+03  6.63e+03
10       1.03e+03  3.78e+03  1.09e+04
O-O           ***       ***       ***

CH2CH2OOH->HO2+C2H4

P\T           550       600       650
0.01      5.1e+03  1.06e+04  1.95e+04
0.1      6.37e+04  1.41e+05   2.7e+05
1        4.25e+05  1.05e+06  2.19e+06
10       1.34e+06   3.9e+06  9.26e+06
O-O      2.44e+06  8.59e+06  2.51e+07

CH2CH2OOH->OH+c-CH2CH2O

P\T           550       600       650
0.01     1.92e+05  3.46e+05  5.58e+05
0.1      8.99e+05  1.75e+06  2.99e+06
1        2.86e+06  6.21e+06  1.16e+07
10       5.68e+06  1.41e+07  2.95e+07
O-O       7.9e+06  2.25e+07  5.48e+07

C2H5+O2->CH3CH2OO

P\T           550       600       650
0.01      3.8e-13  2.49e-13  1.64e-13
0.1      1.41e-12  1.02e-12  7.32e-13
1        3.34e-12  2.73e-12   2.2e-12
10       5.13e-12  4.69e-12  4.23e-12
O-O      6.01e-12  5.93e-12  5.89e-12

C2H5+O2->CH2CH2OOH

P\T           550       600       650
0.01     2.27e-17  1.53e-17  1.07e-17
0.1      4.88e-17  3.71e-17  2.85e-17
1        8.93e-17   8.2e-17  7.41e-17
10       9.19e-17   1.1e-16  1.26e-16
O-O           ***       ***       ***

C2H5+O2->HO2+C2H4

P\T           550       600       650
0.01     1.06e-13  9.74e-14  9.05e-14
0.1      7.63e-14  7.61e-14  7.55e-14
1        3.88e-14  4.44e-14  4.95e-14
10       1.16e-14  1.59e-14  2.09e-14
O-O           ***       ***       ***

C2H5+O2->OH+c-CH2CH2O

P\T           550       600       650
0.01      1.1e-15  1.08e-15  1.08e-15
0.1      8.07e-16  8.68e-16  9.29e-16
1        4.11e-16   5.2e-16  6.31e-16
10       1.02e-16  1.66e-16  2.49e-16
O-O           ***       ***       ***

HO2+C2H4->CH3CH2OO

P\T           550       600       650
0.01     3.71e-19   5.8e-19  7.99e-19
0.1      6.23e-19  1.08e-18  1.64e-18
1        9.29e-19  1.81e-18  3.08e-18
10       1.15e-18  2.46e-18  4.65e-18
O-O      1.24e-18  2.82e-18  5.78e-18

HO2+C2H4->CH2CH2OOH

P\T           550       600       650
0.01     3.44e-21  6.31e-21  1.03e-20
0.1      4.42e-20  8.84e-20  1.54e-19
1           3e-19  6.83e-19  1.33e-18
10       9.53e-19  2.56e-18  5.75e-18
O-O      1.73e-18  5.65e-18  1.57e-17

HO2+C2H4->C2H5+O2

P\T           550       600       650
0.01     8.49e-19  2.19e-18   4.9e-18
0.1      6.09e-19  1.71e-18  4.09e-18
1         3.1e-19     1e-18  2.68e-18
10        9.3e-20  3.59e-19  1.13e-18
O-O           ***       ***       ***

HO2+C2H4->OH+c-CH2CH2O

P\T           550       600       650
0.01      1.2e-18  3.73e-18  9.89e-18
0.1      1.17e-18  3.66e-18  9.79e-18
1        9.66e-19  3.21e-18  8.91e-18
10       4.97e-19   1.9e-18  5.89e-18
O-O           ***       ***       ***

OH+c-CH2CH2O->CH3CH2OO

P\T           550       600       650
0.01     7.08e-32  1.04e-30   9.4e-30
0.1      9.05e-32  1.56e-30  1.63e-29
1        9.46e-32  2.03e-30  2.57e-29
10       5.88e-32  1.66e-30  2.68e-29
O-O           ***       ***       ***

OH+c-CH2CH2O->CH2CH2OOH

P\T           550       600       650
0.01     3.78e-30   5.4e-29  4.91e-28
0.1      1.82e-29  2.88e-28  2.85e-27
1        5.89e-29  1.06e-27  1.17e-26
10       1.18e-28  2.43e-27  3.06e-26
O-O      1.64e-28  3.88e-27  5.74e-26

OH+c-CH2CH2O->C2H5+O2

P\T           550       600       650
0.01     2.55e-31  6.36e-30  9.77e-29
0.1      1.88e-31  5.13e-30  8.41e-29
1         9.6e-32  3.08e-30  5.72e-29
10       2.37e-32  9.79e-31  2.25e-29
O-O           ***       ***       ***

OH+c-CH2CH2O->HO2+C2H4

P\T           550       600       650
0.01      3.5e-29  9.79e-28  1.66e-26
0.1       3.4e-29  9.62e-28  1.64e-26
1        2.82e-29  8.43e-28  1.49e-26
10       1.45e-29  4.99e-28  9.86e-27
O-O           ***       ***       ***

CH3CH2OO-> 

P\T           550       600       650
0.01         5.42      43.1       233
0.1          18.8       167       995
1            43.8       440  2.94e+03
10           66.9       751  5.63e+03
O-O          78.2       948  7.82e+03

CH2CH2OOH-> 

P\T           550       600       650
0.01     2.01e+05  3.62e+05  5.84e+05
0.1      9.69e+05   1.9e+06  3.27e+06
1        3.29e+06  7.29e+06  1.38e+07
10       7.04e+06   1.8e+07  3.88e+07
O-O      1.04e+07  3.11e+07  8.01e+07

C2H5+O2-> 

P\T           550       600       650
0.01     4.87e-13  3.48e-13  2.55e-13
0.1      1.48e-12  1.09e-12  8.08e-13
1        3.38e-12  2.77e-12  2.25e-12
10       5.14e-12   4.7e-12  4.25e-12
O-O      6.01e-12  5.93e-12  5.89e-12

HO2+C2H4-> 

P\T           550       600       650
0.01     2.42e-18  6.51e-18  1.56e-17
0.1      2.44e-18  6.55e-18  1.57e-17
1         2.5e-18   6.7e-18   1.6e-17
10       2.69e-18  7.27e-18  1.74e-17
O-O      2.98e-18  8.47e-18  2.15e-17

OH+c-CH2CH2O-> 

P\T           550       600       650
0.01     3.91e-29  1.04e-27  1.72e-26
0.1      5.26e-29  1.26e-27  1.93e-26
1        8.73e-29  1.91e-27  2.67e-26
10       1.32e-28  2.93e-27  4.06e-26
O-O      1.64e-28  3.88e-27  5.74e-26

